[2020-07-18T22:39:58.406] [INFO] default - Server ready at http://localhost:5000/graphql
[2020-07-18T22:39:58.406] [ERROR] default - test error
[2020-07-18T22:39:58.822] [INFO] default - [MONGODB]: Connection OK
[2020-07-18T22:40:28.849] [INFO] default - Server ready at http://localhost:5000/graphql
[2020-07-18T22:40:28.850] [ERROR] default - test error
[2020-07-18T22:40:29.224] [INFO] default - [MONGODB]: Connection OK
[2020-07-18T22:40:56.605] [INFO] default - Server ready at http://localhost:5000/graphql
[2020-07-18T22:40:56.605] [ERROR] default - test error
[2020-07-18T22:40:56.981] [INFO] default - [MONGODB]: Connection OK
[2020-07-18T22:41:05.519] [INFO] default - [PASSPORT]: Deserialized user : {"active":true,"roles":["ADMIN"],"_id":"5f133e2af8ef66003846a222","email":"mickael@izypaper.com"}
[2020-07-18T22:41:05.520] [WARN] default - [REQUEST]: GET | /auth/logout | {}
[2020-07-18T22:41:15.905] [INFO] default - Server ready at http://localhost:5000/graphql
[2020-07-18T22:41:15.906] [ERROR] default - test error
[2020-07-18T22:41:16.264] [INFO] default - [MONGODB]: Connection OK
[2020-07-18T22:41:36.577] [INFO] default - Server ready at http://localhost:5000/graphql
[2020-07-18T22:41:36.578] [ERROR] default - test error
[2020-07-18T22:41:36.943] [INFO] default - [MONGODB]: Connection OK
[2020-07-18T22:41:46.960] [INFO] default - Server ready at http://localhost:5000/graphql
[2020-07-18T22:41:46.961] [ERROR] default - test error
[2020-07-18T22:41:47.302] [INFO] default - [MONGODB]: Connection OK
[2020-07-18T22:42:16.862] [INFO] default - Server ready at http://localhost:5000/graphql
[2020-07-18T22:42:16.862] [ERROR] default - test error
[2020-07-18T22:42:17.225] [INFO] default - [MONGODB]: Connection OK
[2020-07-18T22:44:24.366] [INFO] default - Server ready at http://localhost:5000/graphql
[2020-07-18T22:44:24.366] [ERROR] default - test error
[2020-07-18T22:44:24.784] [INFO] default - [MONGODB]: Connection OK
[2020-07-18T22:45:01.339] [INFO] default - Server ready at http://localhost:5000/graphql
[2020-07-18T22:45:01.339] [ERROR] default - test error
[2020-07-18T22:45:01.670] [INFO] default - [MONGODB]: Connection OK
[2020-07-18T22:45:24.839] [INFO] default - Server ready at http://localhost:5000/graphql
[2020-07-18T22:45:24.840] [ERROR] default - test error
[2020-07-18T22:45:25.223] [INFO] default - [MONGODB]: Connection OK
[2020-07-18T22:45:28.304] [INFO] default - Server ready at http://localhost:5000/graphql
[2020-07-18T22:45:28.305] [ERROR] default - test error
[2020-07-18T22:45:29.139] [INFO] default - [MONGODB]: Connection OK
[2020-07-18T22:53:37.525] [INFO] default - Server ready at http://localhost:5000/graphql
[2020-07-18T22:53:37.526] [ERROR] default - test error
[2020-07-18T22:53:37.946] [INFO] default - [MONGODB]: Connection OK
[2020-07-18T22:53:42.737] [INFO] default - Server ready at http://localhost:5000/graphql
[2020-07-18T22:53:42.737] [ERROR] default - test error
[2020-07-18T22:53:43.146] [INFO] default - [MONGODB]: Connection OK
[2020-07-18T22:54:00.969] [INFO] default - Server ready at http://localhost:5000/graphql
[2020-07-18T22:54:00.970] [ERROR] default - test error
[2020-07-18T22:54:01.387] [INFO] default - [MONGODB]: Connection OK
[2020-07-18T22:54:08.616] [INFO] default - Server ready at http://localhost:5000/graphql
[2020-07-18T22:54:08.617] [ERROR] default - test error
[2020-07-18T22:54:08.986] [INFO] default - [MONGODB]: Connection OK
[2020-07-18T23:07:42.922] [INFO] default - Server ready at http://localhost:5000/graphql
[2020-07-18T23:07:43.316] [INFO] default - [MONGODB]: Connection OK
